<?xml version="1.0" encoding="UTF-8"?>
<!-- Generated by org.testng.reporters.JUnitReportReporter -->
<testsuite skipped="0" hostname="EPBYMINW0635" name="com.epam.tat.calctest.testng.TstSin" tests="7" failures="0" timestamp="01 Oct 2018 12:04:03 GMT" time="0.020" errors="0">
  <testcase name="sinTest" time="0.013" classname="com.epam.tat.calctest.testng.TstSin"/>
  <testcase name="sinTest" time="0.001" classname="com.epam.tat.calctest.testng.TstSin"/>
  <testcase name="sinTest" time="0.000" classname="com.epam.tat.calctest.testng.TstSin"/>
  <testcase name="sinTest" time="0.002" classname="com.epam.tat.calctest.testng.TstSin"/>
  <testcase name="sinTest" time="0.001" classname="com.epam.tat.calctest.testng.TstSin"/>
  <testcase name="sinTest" time="0.002" classname="com.epam.tat.calctest.testng.TstSin"/>
  <testcase name="sinTest" time="0.001" classname="com.epam.tat.calctest.testng.TstSin"/>
</testsuite> <!-- com.epam.tat.calctest.testng.TstSin -->
