<?xml version="1.0" encoding="UTF-8"?>
<!-- Generated by org.testng.reporters.JUnitReportReporter -->
<testsuite skipped="0" hostname="EPBYMINW0635" name="com.epam.tat.calctest.testng.TstIsNegative" tests="4" failures="0" timestamp="01 Oct 2018 11:51:18 GMT" time="0.018" errors="0">
  <testcase name="isNegativeTest" time="0.007" classname="com.epam.tat.calctest.testng.TstIsNegative"/>
  <testcase name="isNegativeTest" time="0.008" classname="com.epam.tat.calctest.testng.TstIsNegative"/>
  <testcase name="isNegativeTest" time="0.001" classname="com.epam.tat.calctest.testng.TstIsNegative"/>
  <testcase name="isNegativeTest" time="0.002" classname="com.epam.tat.calctest.testng.TstIsNegative"/>
</testsuite> <!-- com.epam.tat.calctest.testng.TstIsNegative -->
