<?xml version="1.0" encoding="UTF-8"?>
<!-- Generated by org.testng.reporters.JUnitReportReporter -->
<testsuite skipped="0" hostname="EPBYMINW0635" name="com.epam.tat.calctest.testng.TstDiv" tests="8" failures="0" timestamp="01 Oct 2018 12:18:51 GMT" time="0.022" errors="0">
  <testcase name="divDoubleTest" time="0.001" classname="com.epam.tat.calctest.testng.TstDiv"/>
  <testcase name="divDoubleTest" time="0.010" classname="com.epam.tat.calctest.testng.TstDiv"/>
  <testcase name="divDoubleTest" time="0.005" classname="com.epam.tat.calctest.testng.TstDiv"/>
  <testcase name="divDoubleTest" time="0.001" classname="com.epam.tat.calctest.testng.TstDiv"/>
  <testcase name="divDoubleTest" time="0.001" classname="com.epam.tat.calctest.testng.TstDiv"/>
  <testcase name="divDoubleTest" time="0.001" classname="com.epam.tat.calctest.testng.TstDiv"/>
  <testcase name="divDoubleTest" time="0.001" classname="com.epam.tat.calctest.testng.TstDiv"/>
  <testcase name="divDoubleTest" time="0.002" classname="com.epam.tat.calctest.testng.TstDiv"/>
</testsuite> <!-- com.epam.tat.calctest.testng.TstDiv -->
