<?xml version="1.0" encoding="UTF-8"?>
<!-- Generated by org.testng.reporters.JUnitReportReporter -->
<testsuite skipped="0" hostname="ZenBook" name="com.epam.tat.calctest.testng.TstSin" tests="7" failures="0" timestamp="30 сен 2018 19:29:07 GMT" time="0.016" errors="0">
  <testcase name="sinTest" time="0.002" classname="com.epam.tat.calctest.testng.TstSin"/>
  <testcase name="sinTest" time="0.002" classname="com.epam.tat.calctest.testng.TstSin"/>
  <testcase name="sinTest" time="0.002" classname="com.epam.tat.calctest.testng.TstSin"/>
  <testcase name="sinTest" time="0.002" classname="com.epam.tat.calctest.testng.TstSin"/>
  <testcase name="sinTest" time="0.004" classname="com.epam.tat.calctest.testng.TstSin"/>
  <testcase name="sinTest" time="0.002" classname="com.epam.tat.calctest.testng.TstSin"/>
  <testcase name="sinTest" time="0.002" classname="com.epam.tat.calctest.testng.TstSin"/>
</testsuite> <!-- com.epam.tat.calctest.testng.TstSin -->
