<?xml version="1.0" encoding="UTF-8"?>
<!-- Generated by org.testng.reporters.JUnitReportReporter -->
<testsuite skipped="0" hostname="ZenBook" name="com.epam.tat.calctest.testng.TstDiv" tests="13" failures="0" timestamp="30 сен 2018 19:48:21 GMT" time="0.024" errors="0">
  <testcase name="divLongDivByZeroTest" time="0.001" classname="com.epam.tat.calctest.testng.TstDiv"/>
  <testcase name="divDoubleTest" time="0.001" classname="com.epam.tat.calctest.testng.TstDiv"/>
  <testcase name="divLongTest" time="0.002" classname="com.epam.tat.calctest.testng.TstDiv"/>
  <testcase name="divDoubleTest" time="0.002" classname="com.epam.tat.calctest.testng.TstDiv"/>
  <testcase name="divDoubleTest" time="0.001" classname="com.epam.tat.calctest.testng.TstDiv"/>
  <testcase name="divDoubleTest" time="0.001" classname="com.epam.tat.calctest.testng.TstDiv"/>
  <testcase name="divDoubleTest" time="0.001" classname="com.epam.tat.calctest.testng.TstDiv"/>
  <testcase name="divDoubleTest" time="0.006" classname="com.epam.tat.calctest.testng.TstDiv"/>
  <testcase name="divDoubleTest" time="0.000" classname="com.epam.tat.calctest.testng.TstDiv"/>
  <testcase name="divDoubleTest" time="0.002" classname="com.epam.tat.calctest.testng.TstDiv"/>
  <testcase name="divLongTest" time="0.003" classname="com.epam.tat.calctest.testng.TstDiv"/>
  <testcase name="divLongTest" time="0.001" classname="com.epam.tat.calctest.testng.TstDiv"/>
  <testcase name="divLongTest" time="0.003" classname="com.epam.tat.calctest.testng.TstDiv"/>
</testsuite> <!-- com.epam.tat.calctest.testng.TstDiv -->
