<?xml version="1.0" encoding="UTF-8"?>
<!-- Generated by org.testng.reporters.JUnitReportReporter -->
<testsuite skipped="0" hostname="ZenBook" name="com.epam.tat.calctest.testng.TstIsPositive" tests="4" failures="0" timestamp="30 сен 2018 19:52:19 GMT" time="0.010" errors="0">
  <testcase name="isPositiveTest" time="0.001" classname="com.epam.tat.calctest.testng.TstIsPositive"/>
  <testcase name="isPositiveTest" time="0.002" classname="com.epam.tat.calctest.testng.TstIsPositive"/>
  <testcase name="isPositiveTest" time="0.005" classname="com.epam.tat.calctest.testng.TstIsPositive"/>
  <testcase name="isPositiveTest" time="0.002" classname="com.epam.tat.calctest.testng.TstIsPositive"/>
</testsuite> <!-- com.epam.tat.calctest.testng.TstIsPositive -->
