<?xml version="1.0" encoding="UTF-8"?>
<!-- Generated by org.testng.reporters.JUnitReportReporter -->
<testsuite skipped="0" hostname="ZenBook" name="com.epam.tat.calctest.testng.TstIsNegative" tests="4" failures="0" timestamp="30 сен 2018 19:56:14 GMT" time="0.009" errors="0">
  <testcase name="isNegativeTest" time="0.001" classname="com.epam.tat.calctest.testng.TstIsNegative"/>
  <testcase name="isNegativeTest" time="0.002" classname="com.epam.tat.calctest.testng.TstIsNegative"/>
  <testcase name="isNegativeTest" time="0.005" classname="com.epam.tat.calctest.testng.TstIsNegative"/>
  <testcase name="isNegativeTest" time="0.001" classname="com.epam.tat.calctest.testng.TstIsNegative"/>
</testsuite> <!-- com.epam.tat.calctest.testng.TstIsNegative -->
