<?xml version="1.0" encoding="UTF-8"?>
<!-- Generated by org.testng.reporters.JUnitReportReporter -->
<testsuite skipped="0" hostname="EPBYMINW0635" name="com.epam.tat.calctest.testng.CommonTest" tests="1" failures="0" timestamp="01 Oct 2018 09:38:53 GMT" time="0.014" errors="0">
  <testcase name="common" time="0.014" classname="com.epam.tat.calctest.testng.CommonTest"/>
</testsuite> <!-- com.epam.tat.calctest.testng.CommonTest -->
