<?xml version="1.0" encoding="UTF-8"?>
<!-- Generated by org.testng.reporters.JUnitReportReporter -->
<testsuite skipped="0" hostname="ZenBook" name="com.epam.tat.calctest.test.SumTest" tests="4" failures="0" timestamp="29 сен 2018 10:39:26 GMT" time="0.014" errors="0">
  <testcase name="onePlusTwoTest" time="0.002" classname="com.epam.tat.calctest.test.SumTest"/>
  <testcase name="onePlusTwoTest" time="0.002" classname="com.epam.tat.calctest.test.SumTest"/>
  <testcase name="onePlusTwoTest" time="0.009" classname="com.epam.tat.calctest.test.SumTest"/>
  <testcase name="onePlusTwoTest" time="0.001" classname="com.epam.tat.calctest.test.SumTest"/>
</testsuite> <!-- com.epam.tat.calctest.test.SumTest -->
