<?xml version="1.0" encoding="UTF-8"?>
<!-- Generated by org.testng.reporters.JUnitReportReporter -->
<testsuite skipped="0" hostname="ZenBook" name="com.epam.tat.calctest.testng.SubTest" tests="8" failures="0" timestamp="29 сен 2018 14:54:04 GMT" time="0.013" errors="0">
  <testcase name="sumDoubleTest" time="0.001" classname="com.epam.tat.calctest.testng.SubTest"/>
  <testcase name="sumLongTest" time="0.001" classname="com.epam.tat.calctest.testng.SubTest"/>
  <testcase name="sumDoubleTest" time="0.001" classname="com.epam.tat.calctest.testng.SubTest"/>
  <testcase name="sumLongTest" time="0.001" classname="com.epam.tat.calctest.testng.SubTest"/>
  <testcase name="sumDoubleTest" time="0.005" classname="com.epam.tat.calctest.testng.SubTest"/>
  <testcase name="sumLongTest" time="0.001" classname="com.epam.tat.calctest.testng.SubTest"/>
  <testcase name="sumDoubleTest" time="0.002" classname="com.epam.tat.calctest.testng.SubTest"/>
  <testcase name="sumLongTest" time="0.001" classname="com.epam.tat.calctest.testng.SubTest"/>
</testsuite> <!-- com.epam.tat.calctest.testng.SubTest -->
