<?xml version="1.0" encoding="UTF-8"?>
<!-- Generated by org.testng.reporters.JUnitReportReporter -->
<testsuite skipped="0" hostname="ZenBook" name="com.epam.tat.calctest.testng.CommonTest" tests="1" failures="0" timestamp="30 сен 2018 19:14:30 GMT" time="0.006" errors="0">
  <testcase name="common" time="0.006" classname="com.epam.tat.calctest.testng.CommonTest"/>
</testsuite> <!-- com.epam.tat.calctest.testng.CommonTest -->
