<?xml version="1.0" encoding="UTF-8"?>
<!-- Generated by org.testng.reporters.JUnitReportReporter -->
<testsuite skipped="0" hostname="EPBYMINW0635" name="com.epam.tat.calctest.testng.TstSub" tests="4" failures="0" timestamp="01 Oct 2018 12:18:51 GMT" time="0.001" errors="0">
  <testcase name="sumDoubleTest" time="0.001" classname="com.epam.tat.calctest.testng.TstSub"/>
  <testcase name="sumDoubleTest" time="0.000" classname="com.epam.tat.calctest.testng.TstSub"/>
  <testcase name="sumDoubleTest" time="0.000" classname="com.epam.tat.calctest.testng.TstSub"/>
  <testcase name="sumDoubleTest" time="0.000" classname="com.epam.tat.calctest.testng.TstSub"/>
</testsuite> <!-- com.epam.tat.calctest.testng.TstSub -->
