<?xml version="1.0" encoding="UTF-8"?>
<!-- Generated by org.testng.reporters.JUnitReportReporter -->
<testsuite skipped="0" hostname="ZenBook" name="com.epam.tat.calctest.testng.SumTest" tests="4" failures="0" timestamp="02 окт 2018 19:26:00 GMT" time="0.010" errors="0">
  <testcase name="sumDoubleTest" time="0.001" classname="com.epam.tat.calctest.testng.SumTest"/>
  <testcase name="sumDoubleTest" time="0.004" classname="com.epam.tat.calctest.testng.SumTest"/>
  <testcase name="sumDoubleTest" time="0.002" classname="com.epam.tat.calctest.testng.SumTest"/>
  <testcase name="sumDoubleTest" time="0.003" classname="com.epam.tat.calctest.testng.SumTest"/>
</testsuite> <!-- com.epam.tat.calctest.testng.SumTest -->
