<?xml version="1.0" encoding="UTF-8"?>
<!-- Generated by org.testng.reporters.JUnitReportReporter -->
<testsuite skipped="1" hostname="ZenBook" name="com.epam.tat.calctest.testng.TstDiv" tests="10" failures="0" timestamp="30 сен 2018 08:31:15 GMT" time="0.015" errors="0">
  <testcase name="divLongDivByZeroTest" time="0.001" classname="com.epam.tat.calctest.testng.TstDiv"/>
  <testcase name="divDoubleTest" time="0.002" classname="com.epam.tat.calctest.testng.TstDiv"/>
  <testcase name="divDoubleTest" time="0.002" classname="com.epam.tat.calctest.testng.TstDiv"/>
  <testcase name="divDoubleTest" time="0.001" classname="com.epam.tat.calctest.testng.TstDiv"/>
  <testcase name="divDoubleTest" time="0.005" classname="com.epam.tat.calctest.testng.TstDiv"/>
  <testcase name="divDoubleTest" time="0.001" classname="com.epam.tat.calctest.testng.TstDiv"/>
  <testcase name="divDoubleTest" time="0.001" classname="com.epam.tat.calctest.testng.TstDiv"/>
  <testcase name="divDoubleTest" time="0.001" classname="com.epam.tat.calctest.testng.TstDiv"/>
  <testcase name="divDoubleTest" time="0.001" classname="com.epam.tat.calctest.testng.TstDiv"/>
  <testcase name="divLongTest" classname="com.epam.tat.calctest.testng.TstDiv">
    <skipped/>
  </testcase> <!-- divLongTest -->
</testsuite> <!-- com.epam.tat.calctest.testng.TstDiv -->
