<?xml version="1.0" encoding="UTF-8"?>
<!-- Generated by org.testng.reporters.JUnitReportReporter -->
<testsuite skipped="0" hostname="EPBYMINW0635" name="com.epam.tat.calctest.testng.TstIsPositive" tests="4" failures="0" timestamp="01 Oct 2018 11:55:08 GMT" time="0.015" errors="0">
  <testcase name="isPositiveTest" time="0.004" classname="com.epam.tat.calctest.testng.TstIsPositive"/>
  <testcase name="isPositiveTest" time="0.008" classname="com.epam.tat.calctest.testng.TstIsPositive"/>
  <testcase name="isPositiveTest" time="0.001" classname="com.epam.tat.calctest.testng.TstIsPositive"/>
  <testcase name="isPositiveTest" time="0.002" classname="com.epam.tat.calctest.testng.TstIsPositive"/>
</testsuite> <!-- com.epam.tat.calctest.testng.TstIsPositive -->
