<?xml version="1.0" encoding="UTF-8"?>
<!-- Generated by org.testng.reporters.JUnitReportReporter -->
<testsuite skipped="0" hostname="ZenBook" name="com.epam.tat.calctest.testng.SumTest" tests="8" failures="0" timestamp="29 сен 2018 10:44:53 GMT" time="0.024" errors="0">
  <testcase name="sumDoubleTest" time="0.001" classname="com.epam.tat.calctest.testng.SumTest"/>
  <testcase name="sumLongTest" time="0.004" classname="com.epam.tat.calctest.testng.SumTest"/>
  <testcase name="sumDoubleTest" time="0.003" classname="com.epam.tat.calctest.testng.SumTest"/>
  <testcase name="sumLongTest" time="0.003" classname="com.epam.tat.calctest.testng.SumTest"/>
  <testcase name="sumDoubleTest" time="0.005" classname="com.epam.tat.calctest.testng.SumTest"/>
  <testcase name="sumLongTest" time="0.003" classname="com.epam.tat.calctest.testng.SumTest"/>
  <testcase name="sumDoubleTest" time="0.001" classname="com.epam.tat.calctest.testng.SumTest"/>
  <testcase name="sumLongTest" time="0.004" classname="com.epam.tat.calctest.testng.SumTest"/>
</testsuite> <!-- com.epam.tat.calctest.testng.SumTest -->
